<?xml version="1.0" encoding="UTF-8"?>
<!-- Generated by org.testng.reporters.JUnitXMLReporter -->
<testsuite ignored="5" hostname="DESKTOP-858G8MC" failures="0" tests="1" name="Validating Jio Meet Flow" time="108.659" errors="0" timestamp="2019-12-15T21:48:35 IST">
  <testcase classname="tests.JioMeetTest" name="Sanity" time="89.474"/>
  <testcase classname="tests.JioMeetTest" name="Login" time="0.0">
    <ignored/>
  </testcase> <!-- Login -->
  <testcase classname="tests.JioMeetTest" name="ManageAddUser" time="0.0">
    <ignored/>
  </testcase> <!-- ManageAddUser -->
  <testcase classname="tests.JioMeetTest" name="LoginError" time="0.0">
    <ignored/>
  </testcase> <!-- LoginError -->
  <testcase classname="tests.JioMeetTest" name="ManageVideoUser" time="0.0">
    <ignored/>
  </testcase> <!-- ManageVideoUser -->
  <testcase classname="tests.JioMeetTest" name="Report" time="0.0">
    <ignored/>
  </testcase> <!-- Report -->
</testsuite> <!-- Validating Jio Meet Flow -->
