<?xml version="1.0" encoding="UTF-8"?>
<!-- Generated by org.testng.reporters.JUnitXMLReporter -->
<testsuite ignored="5" hostname="DESKTOP-858G8MC" failures="0" tests="1" name="Validating Payment Flow" time="100.654" errors="0" timestamp="2019-12-15T21:41:36 IST">
  <testcase classname="tests.MidtransPaymentFlowTest" name="Sanity" time="82.812"/>
  <testcase classname="tests.MidtransPaymentFlowTest" name="Login" time="0.0">
    <ignored/>
  </testcase> <!-- Login -->
  <testcase classname="tests.MidtransPaymentFlowTest" name="ManageVideoUser" time="0.0">
    <ignored/>
  </testcase> <!-- ManageVideoUser -->
  <testcase classname="tests.MidtransPaymentFlowTest" name="Report" time="0.0">
    <ignored/>
  </testcase> <!-- Report -->
  <testcase classname="tests.MidtransPaymentFlowTest" name="LoginError" time="0.0">
    <ignored/>
  </testcase> <!-- LoginError -->
  <testcase classname="tests.MidtransPaymentFlowTest" name="ManageAddUser" time="0.0">
    <ignored/>
  </testcase> <!-- ManageAddUser -->
</testsuite> <!-- Validating Payment Flow -->
