<?xml version="1.0" encoding="UTF-8"?>
<testng-results ignored="5" total="6" passed="1" failed="0" skipped="0">
  <reporter-output>
  </reporter-output>
  <suite started-at="2019-12-15T21:46:45 IST" name="Suite Jio" finished-at="2019-12-15T21:48:34 IST" duration-ms="108659">
    <groups>
    </groups>
    <test started-at="2019-12-15T21:46:45 IST" name="Validating Jio Meet Flow" finished-at="2019-12-15T21:48:34 IST" duration-ms="108659">
      <class name="tests.JioMeetTest">
        <test-method is-config="true" signature="setupBeforeTest()[pri:0, instance:tests.JioMeetTest@35d019a3]" started-at="2019-12-15T21:46:45 IST" name="setupBeforeTest" finished-at="2019-12-15T21:46:45 IST" duration-ms="244" status="PASS">
          <reporter-output>
          </reporter-output>
        </test-method> <!-- setupBeforeTest -->
        <test-method is-config="true" signature="setupBeforeMethod(java.lang.reflect.Method)[pri:0, instance:tests.JioMeetTest@35d019a3]" started-at="2019-12-15T21:46:45 IST" name="setupBeforeMethod" finished-at="2019-12-15T21:46:56 IST" duration-ms="11050" status="PASS">
          <params>
            <param index="0">
              <value>
                <![CDATA[public void tests.JioMeetTest.Sanity() throws java.io.IOException,java.lang.InterruptedException]]>
              </value>
            </param>
          </params>
          <reporter-output>
          </reporter-output>
        </test-method> <!-- setupBeforeMethod -->
        <test-method signature="Sanity()[pri:0, instance:tests.JioMeetTest@35d019a3]" started-at="2019-12-15T21:46:56 IST" name="Sanity" finished-at="2019-12-15T21:48:26 IST" duration-ms="89474" status="PASS">
          <reporter-output>
          </reporter-output>
        </test-method> <!-- Sanity -->
        <test-method is-config="true" signature="setupAfterMethod()[pri:0, instance:tests.JioMeetTest@35d019a3]" started-at="2019-12-15T21:48:26 IST" name="setupAfterMethod" finished-at="2019-12-15T21:48:26 IST" duration-ms="289" status="PASS">
          <reporter-output>
          </reporter-output>
        </test-method> <!-- setupAfterMethod -->
        <test-method is-config="true" signature="setupAfterTest()[pri:0, instance:tests.JioMeetTest@35d019a3]" started-at="2019-12-15T21:48:26 IST" name="setupAfterTest" finished-at="2019-12-15T21:48:34 IST" duration-ms="7766" status="PASS">
          <reporter-output>
          </reporter-output>
        </test-method> <!-- setupAfterTest -->
      </class> <!-- tests.JioMeetTest -->
    </test> <!-- Validating Jio Meet Flow -->
  </suite> <!-- Suite Jio -->
</testng-results>
